This file contains any messages produced by compilers while
running configure, to aid debugging if configure makes a mistake.

configure:553: checking whether make sets ${MAKE}
configure:591: checking for a BSD compatible install
configure:655: checking host system type
configure:681: checking for gcc
configure:794: checking whether the C compiler (gcc  ) works
configure:810: gcc -o conftest    conftest.c  1>&5
configure:807:1: warning: return type defaults to 'int' [-Wimplicit-int]
 main(){return(0);}
 ^
configure:836: checking whether the C compiler (gcc  ) is a cross-compiler
configure:841: checking whether we are using GNU C
configure:850: gcc -E conftest.c
configure:869: checking whether gcc accepts -g
configure:911: checking for POSIXized ISC
configure:934: checking how to run the C preprocessor
configure:955: gcc -E  conftest.c >/dev/null 2>conftest.out
configure:1014: checking for ANSI C header files
configure:1027: gcc -E  conftest.c >/dev/null 2>conftest.out
configure:1094: gcc -o conftest  -O2   conftest.c  1>&5
configure: In function 'main':
configure:1089:67: warning: implicit declaration of function 'exit' [-Wimplicit-function-declaration]
 if (XOR (islower (i), ISLOWER (i)) || toupper (i) != TOUPPER (i)) exit(2);
                                                                   ^
configure:1089:67: warning: incompatible implicit declaration of built-in function 'exit'
configure:1089:67: note: include '<stdlib.h>' or provide a declaration of 'exit'
configure:1090:1: warning: incompatible implicit declaration of built-in function 'exit'
 exit (0); }
 ^
configure:1090:1: note: include '<stdlib.h>' or provide a declaration of 'exit'
configure:1118: checking for sys/wait.h that is POSIX.1 compatible
configure:1139: gcc -c  -O2  conftest.c 1>&5
configure:1160: checking whether time.h and sys/time.h may both be included
configure:1174: gcc -c  -O2  conftest.c 1>&5
configure:1198: checking for sys/time.h
configure:1208: gcc -E  conftest.c >/dev/null 2>conftest.out
configure:1198: checking for unistd.h
configure:1208: gcc -E  conftest.c >/dev/null 2>conftest.out
configure:1198: checking for signal.h
configure:1208: gcc -E  conftest.c >/dev/null 2>conftest.out
configure:1237: checking for working const
configure:1291: gcc -c  -O2  conftest.c 1>&5
configure:1312: checking whether struct tm is in sys/time.h or time.h
configure:1325: gcc -c  -O2  conftest.c 1>&5
configure:1346: checking for uid_t in sys/types.h
configure:1384: checking for gettimeofday
configure:1412: gcc -o conftest  -O2   conftest.c  1>&5
configure:1384: checking for select
configure:1412: gcc -o conftest  -O2   conftest.c  1>&5
configure:1384: checking for strerror
configure:1412: gcc -o conftest  -O2   conftest.c  1>&5
configure:1384: checking for munlockall
configure:1412: gcc -o conftest  -O2   conftest.c  1>&5
configure:1384: checking for sigaction
configure:1412: gcc -o conftest  -O2   conftest.c  1>&5
configure:1438: checking for gethostbyname
configure:1466: gcc -o conftest  -O2   conftest.c  1>&5
configure:1549: checking for socket
configure:1577: gcc -o conftest  -O2   conftest.c  1>&5
configure:1660: checking for inet_addr
configure:1688: gcc -o conftest  -O2   conftest.c  1>&5
configure:1771: checking for sched_setscheduler
configure:1799: gcc -o conftest  -O2   conftest.c  1>&5
configure:1882: checking for pow
configure:1910: gcc -o conftest  -O2   conftest.c  1>&5
configure:1894:6: warning: conflicting types for built-in function 'pow'
 char pow();
      ^
/tmp/cctyBRGA.o: In function `main':
conftest.c:(.text.startup+0x7): undefined reference to `pow'
collect2: error: ld returned 1 exit status
configure: failed program was:
#line 1887 "configure"
#include "confdefs.h"
/* System header to define __stub macros and hopefully few prototypes,
    which can conflict with char pow(); below.  */
#include <assert.h>
/* Override any gcc2 internal prototype to avoid an error.  */
/* We use char because int might match the return type of a gcc2
    builtin and then its argument prototype would still apply.  */
char pow();

int main() {

/* The GNU C library defines this for functions which it implements
    to always fail with ENOSYS.  Some functions are actually named
    something starting with __ and the normal name is an alias.  */
#if defined (__stub_pow) || defined (__stub___pow)
choke me
#else
pow();
#endif

; return 0; }
configure:1929: checking for library containing pow
configure:1947: gcc -o conftest  -O2   conftest.c  1>&5
configure:1940:6: warning: conflicting types for built-in function 'pow'
 char pow();
      ^
/tmp/cchzaLKI.o: In function `main':
conftest.c:(.text.startup+0x7): undefined reference to `pow'
collect2: error: ld returned 1 exit status
configure: failed program was:
#line 1936 "configure"
#include "confdefs.h"
/* Override any gcc2 internal prototype to avoid an error.  */
/* We use char because int might match the return type of a gcc2
    builtin and then its argument prototype would still apply.  */
char pow();

int main() {
pow()
; return 0; }
configure:1969: gcc -o conftest  -O2   conftest.c -lm   1>&5
configure:1962:6: warning: conflicting types for built-in function 'pow'
 char pow();
      ^
configure:2008: checking if we should enable -g
configure:2028: checking if we should enable -Wall
configure:2045: checking if we print debugging info
